<?xml version="1.0" encoding="UTF-8"?>
<!-- Generated by org.testng.reporters.JUnitXMLReporter -->
<testsuite ignored="0" hostname="LAPTOP-55P5JAS8" failures="0" tests="1" name="Test-Runner-1" time="52.935" errors="0" timestamp="2024-03-25T18:47:06 IST">
  <testcase classname="vtigerContactTests.CreateContactWithOrgUsingGUtils" name="createContactWithOrg" time="34.463"/>
</testsuite> <!-- Test-Runner-1 -->
