<?xml version="1.0" encoding="UTF-8"?>
<!-- Generated by org.testng.reporters.JUnitXMLReporter -->
<testsuite ignored="0" hostname="LAPTOP-55P5JAS8" failures="0" tests="2" name="Test-runner-edge" time="73.751" errors="0" timestamp="2024-03-28T15:46:53 IST">
  <testcase classname="vtigerContactTests.CreateContactWithOrgTest" name="createContactWithOrgTest" time="36.692"/>
  <testcase classname="vtigerContactTests.CreateContactWithOrgTest" name="demo" time="0.0">
    <skipped/>
  </testcase> <!-- demo -->
</testsuite> <!-- Test-runner-edge -->
