<?xml version="1.0" encoding="UTF-8"?>
<!-- Generated by org.testng.reporters.JUnitXMLReporter -->
<testsuite ignored="0" hostname="LAPTOP-55P5JAS8" failures="0" tests="1" name="Test-runner-edge" time="40.481" errors="0" timestamp="2024-03-25T19:04:32 IST">
  <testcase classname="vtigerContactTests.CreateContactWithOrgUsingGUtils" name="createContactWithOrg" time="22.197"/>
</testsuite> <!-- Test-runner-edge -->
