<?xml version="1.0" encoding="UTF-8"?>
<!-- Generated by org.testng.reporters.JUnitReportReporter -->
<testsuite hostname="LAPTOP-55P5JAS8" failures="0" tests="6" name="vtiger.Practice.DataProviderTestNGPractice" time="0.081" errors="0" timestamp="2024-03-23T16:55:58 IST" skipped="0">
  <testcase classname="vtiger.Practice.DataProviderTestNGPractice" name="addProductToCart" time="0.012"/>
  <testcase classname="vtiger.Practice.DataProviderTestNGPractice" name="addProductToCart" time="0.012"/>
  <testcase classname="vtiger.Practice.DataProviderTestNGPractice" name="addProductToCart2" time="0.005"/>
  <testcase classname="vtiger.Practice.DataProviderTestNGPractice" name="addProductToCart" time="0.014"/>
  <testcase classname="vtiger.Practice.DataProviderTestNGPractice" name="addProductToCart2" time="0.030"/>
  <testcase classname="vtiger.Practice.DataProviderTestNGPractice" name="addProductToCart" time="0.008"/>
</testsuite> <!-- vtiger.Practice.DataProviderTestNGPractice -->
