<?xml version="1.0" encoding="UTF-8"?>
<!-- Generated by org.testng.reporters.JUnitReportReporter -->
<testsuite hostname="LAPTOP-55P5JAS8" failures="0" tests="1" name="vtigerOrgTests.CreateOrgWithIndustryUsingGUtils" time="27.773" errors="0" timestamp="2024-03-26T17:48:42 IST" skipped="0">
  <testcase classname="vtigerOrgTests.CreateOrgWithIndustryUsingGUtils" name="createOrgWithIndustry" time="27.773"/>
  <system-out>
    <![CDATA[Clicked on org link
Clicked on org look up imgage
Org created]]>
  </system-out>
</testsuite> <!-- vtigerOrgTests.CreateOrgWithIndustryUsingGUtils -->
