<?xml version="1.0" encoding="UTF-8"?>
<!-- Generated by org.testng.reporters.JUnitReportReporter -->
<testsuite hostname="LAPTOP-55P5JAS8" failures="0" tests="5" name="vtigerOrgTests.CreateMultipleOrgWithIndustryTest" time="131.143" errors="0" timestamp="2024-03-28T12:56:58 IST" skipped="0">
  <testcase classname="vtigerOrgTests.CreateMultipleOrgWithIndustryTest" name="createMultipleOrgWithIndustryTest" time="27.327"/>
  <testcase classname="vtigerOrgTests.CreateMultipleOrgWithIndustryTest" name="createMultipleOrgWithIndustryTest" time="29.616"/>
  <testcase classname="vtigerOrgTests.CreateMultipleOrgWithIndustryTest" name="createMultipleOrgWithIndustryTest" time="25.726"/>
  <testcase classname="vtigerOrgTests.CreateMultipleOrgWithIndustryTest" name="createMultipleOrgWithIndustryTest" time="23.955"/>
  <testcase classname="vtigerOrgTests.CreateMultipleOrgWithIndustryTest" name="createMultipleOrgWithIndustryTest" time="24.519"/>
  <system-out>
    <![CDATA[Clicked on org link
Clicked on org look up imgage
Org created
Clicked on contacts link
Clicked on contact look up image
Contact created]]>
  </system-out>
</testsuite> <!-- vtigerOrgTests.CreateMultipleOrgWithIndustryTest -->
