<?xml version="1.0" encoding="UTF-8"?>
<!-- Generated by org.testng.reporters.JUnitReportReporter -->
<testsuite hostname="LAPTOP-55P5JAS8" failures="0" tests="1" name="vtigerContactTests.CreateContactWithOrgUsingGUtilsTest" time="25.315" errors="0" timestamp="2024-03-26T18:24:43 IST" skipped="0">
  <testcase classname="vtigerContactTests.CreateContactWithOrgUsingGUtilsTest" name="createContactWithOrg" time="25.315">
    <system-out>
      <![CDATA[Clicked on org link
Clicked on org look up imgage
Org created
Clicked on contacts link
Clicked on contact look up image
Contact created]]>
    </system-out>
  </testcase> <!-- createContactWithOrg -->
  <system-out>
    <![CDATA[Clicked on org link
Clicked on org look up imgage
Org created
Clicked on contacts link
Clicked on contact look up image
Contact created]]>
  </system-out>
</testsuite> <!-- vtigerContactTests.CreateContactWithOrgUsingGUtilsTest -->
