<?xml version="1.0" encoding="UTF-8"?>
<!-- Generated by org.testng.reporters.JUnitReportReporter -->
<testsuite hostname="LAPTOP-55P5JAS8" failures="0" tests="1" name="vtiger.Practice.ReadDataFromCmdLine" time="0.010" errors="0" timestamp="2024-03-26T19:23:58 IST" skipped="0">
  <testcase classname="vtiger.Practice.ReadDataFromCmdLine" name="readData" time="0.010"/>
</testsuite> <!-- vtiger.Practice.ReadDataFromCmdLine -->
