<?xml version="1.0" encoding="UTF-8"?>
<!-- Generated by org.testng.reporters.JUnitReportReporter -->
<testsuite hostname="LAPTOP-55P5JAS8" failures="0" tests="1" name="vtigerContactTests.CreateContactWithOrgTest" time="27.241" errors="0" timestamp="2024-03-28T14:01:57 IST" skipped="0">
  <testcase classname="vtigerContactTests.CreateContactWithOrgTest" name="createContactWithOrgTest" time="27.241">
    <system-out>
      <![CDATA[Clicked on org link
Clicked on org look up imgage
Org created
Clicked on contacts link
Clicked on contact look up image
Contact created]]>
    </system-out>
  </testcase> <!-- createContactWithOrgTest -->
  <system-out>
    <![CDATA[Clicked on org link
Clicked on org look up imgage
Org created
Clicked on contacts link
Clicked on contact look up image
Contact created]]>
  </system-out>
</testsuite> <!-- vtigerContactTests.CreateContactWithOrgTest -->
