<?xml version="1.0" encoding="UTF-8"?>
<!-- Generated by org.testng.reporters.JUnitReportReporter -->
<testsuite hostname="LAPTOP-55P5JAS8" failures="0" tests="1" name="vtigerOrgTests.CreateOrgWithIndustryTest" time="30.840" errors="0" timestamp="2024-03-28T12:56:58 IST" skipped="0">
  <testcase classname="vtigerOrgTests.CreateOrgWithIndustryTest" name="createOrgWithIndustryTest" time="30.840"/>
  <system-out>
    <![CDATA[Clicked on org link
Clicked on org look up imgage
Org created
Clicked on contacts link
Clicked on contact look up image
Contact created]]>
  </system-out>
</testsuite> <!-- vtigerOrgTests.CreateOrgWithIndustryTest -->
