<?xml version="1.0" encoding="UTF-8"?>
<!-- Generated by org.testng.reporters.JUnitReportReporter -->
<testsuite hostname="LAPTOP-55P5JAS8" failures="0" tests="1" name="vtigerOrgTests.CreateOrgWithIndustry" time="14.345" errors="0" timestamp="2024-03-25T13:14:23 IST" skipped="0">
  <testcase classname="vtigerOrgTests.CreateOrgWithIndustry" name="createOrgWithIndustry" time="14.345"/>
</testsuite> <!-- vtigerOrgTests.CreateOrgWithIndustry -->
