<?xml version="1.0" encoding="UTF-8"?>
<!-- Generated by org.testng.reporters.JUnitReportReporter -->
<testsuite hostname="LAPTOP-55P5JAS8" failures="0" tests="3" name="vtiger.Practice.TestNGpractice" time="0.023" errors="0" timestamp="2024-03-23T16:12:43 IST" skipped="1">
  <testcase classname="vtiger.Practice.TestNGpractice" name="createCustomer" time="0.018"/>
  <testcase classname="vtiger.Practice.TestNGpractice" name="modifyCustomer" time="0.005"/>
  <testcase classname="vtiger.Practice.TestNGpractice" name="deleteCustomer">
    <skipped/>
  </testcase> <!-- deleteCustomer -->
</testsuite> <!-- vtiger.Practice.TestNGpractice -->
