<?xml version="1.0" encoding="UTF-8"?>
<!-- Generated by org.testng.reporters.JUnitReportReporter -->
<testsuite hostname="LAPTOP-55P5JAS8" failures="0" tests="1" name="vtiger.Practice.BaseClassPractice" time="0.020" errors="0" timestamp="2024-03-24T13:02:41 IST" skipped="0">
  <testcase classname="vtiger.Practice.BaseClassPractice" name="test" time="0.020"/>
</testsuite> <!-- vtiger.Practice.BaseClassPractice -->
